<?xml version="1.0" encoding="UTF-8"?>
<!-- Generated by org.testng.reporters.JUnitXMLReporter -->
<testsuite ignored="0" hostname="LAPTOP-34OBG346" failures="0" tests="3" name="HomePage" time="10.038" errors="0" timestamp="2024-05-11T23:20:49 IST">
  <testcase classname="com.CRM.TestCases.HomePageTestCase" name="validateURL" time="0.02"/>
  <testcase classname="com.CRM.TestCases.HomePageTestCase" name="validateTitle" time="0.014"/>
  <testcase classname="com.CRM.TestCases.HomePageTestCase" name="validateSignIn" time="0.346"/>
</testsuite> <!-- HomePage -->
