<?xml version="1.0" encoding="UTF-8"?>
<!-- Generated by org.testng.reporters.JUnitXMLReporter -->
<testsuite ignored="0" hostname="LAPTOP-34OBG346" failures="0" tests="3" name="HomePage" time="4.879" errors="0" timestamp="2024-05-06T10:40:39 IST">
  <testcase classname="com.CRM.TestCases.HomePageTestCase" name="validateURL" time="0.016"/>
  <testcase classname="com.CRM.TestCases.HomePageTestCase" name="validateTitle" time="0.012"/>
  <testcase classname="com.CRM.TestCases.HomePageTestCase" name="validateSignIn" time="0.102"/>
</testsuite> <!-- HomePage -->
