<?xml version="1.0" encoding="UTF-8"?>
<!-- Generated by org.testng.reporters.JUnitXMLReporter -->
<testsuite ignored="0" hostname="LAPTOP-34OBG346" failures="0" tests="3" name="HomePage" time="11.104" errors="0" timestamp="2024-05-14T22:18:04 IST">
  <testcase classname="com.CRM.TestCases.HomePageTestCase" name="validateURL" time="0.03"/>
  <testcase classname="com.CRM.TestCases.HomePageTestCase" name="validateTitle" time="0.029"/>
  <testcase classname="com.CRM.TestCases.HomePageTestCase" name="validateSignIn" time="0.516"/>
</testsuite> <!-- HomePage -->
