<?xml version="1.0" encoding="UTF-8"?>
<testsuite xmlns:xsi="http://www.w3.org/2001/XMLSchema-instance" xsi:noNamespaceSchemaLocation="https://maven.apache.org/surefire/maven-surefire-plugin/xsd/surefire-test-report-3.0.xsd" version="3.0" name="TestSuite" time="13.107" tests="4" errors="0" skipped="0" failures="0">
  <properties>
[...]
</properties>
  <testcase name="validateURL" classname="com.CRM.TestCases.HomePageTestCase" time="0.013">
    <system-out><![CDATA[Test pass: URL matched!
]]></system-out>
    <system-err><![CDATA[SLF4J: Failed to load class "org.slf4j.impl.StaticLoggerBinder".
SLF4J: Defaulting to no-operation (NOP) logger implementation
SLF4J: See http://www.slf4j.org/codes.html#StaticLoggerBinder for further details.
]]></system-err>
  </testcase>
  <testcase name="validateTitle" classname="com.CRM.TestCases.HomePageTestCase" time="0.008">
    <system-out><![CDATA[Test pass: Title matched!
]]></system-out>
  </testcase>
  <testcase name="validateSignIn" classname="com.CRM.TestCases.HomePageTestCase" time="0.096">
    <system-out><![CDATA[Test pass: User navigated
]]></system-out>
  </testcase>
  <testcase name="validateLogin" classname="com.CRM.TestCases.LoginPageTest" time="1.161">
    <system-out><![CDATA[Test pass: Login completed
]]></system-out>
  </testcase>
</testsuite>