<?xml version="1.0" encoding="UTF-8"?>
<testng-results ignored="0" total="4" passed="4" failed="0" skipped="0">
  <reporter-output>
  </reporter-output>
  <suite started-at="2024-05-11T22:57:14 IST" name="Suite" finished-at="2024-05-11T22:57:27 IST" duration-ms="12672">
    <groups>
    </groups>
    <test started-at="2024-05-11T22:57:14 IST" name="HomePage" finished-at="2024-05-11T22:57:20 IST" duration-ms="5812">
      <class name="com.CRM.TestCases.HomePageTestCase">
        <test-method is-config="true" signature="setUpBrowser()[pri:0, instance:com.CRM.TestCases.HomePageTestCase@1ddf84b8]" started-at="2024-05-11T22:57:14 IST" name="setUpBrowser" finished-at="2024-05-11T22:57:18 IST" duration-ms="3637" status="PASS">
          <reporter-output>
          </reporter-output>
        </test-method> <!-- setUpBrowser -->
        <test-method is-config="true" signature="pageSetUp()[pri:0, instance:com.CRM.TestCases.HomePageTestCase@1ddf84b8]" started-at="2024-05-11T22:57:18 IST" name="pageSetUp" finished-at="2024-05-11T22:57:20 IST" duration-ms="2026" status="PASS">
          <reporter-output>
          </reporter-output>
        </test-method> <!-- pageSetUp -->
        <test-method signature="validateURL()[pri:1, instance:com.CRM.TestCases.HomePageTestCase@1ddf84b8]" started-at="2024-05-11T22:57:20 IST" name="validateURL" finished-at="2024-05-11T22:57:20 IST" duration-ms="13" status="PASS">
          <reporter-output>
          </reporter-output>
        </test-method> <!-- validateURL -->
        <test-method signature="validateTitle()[pri:2, instance:com.CRM.TestCases.HomePageTestCase@1ddf84b8]" started-at="2024-05-11T22:57:20 IST" name="validateTitle" finished-at="2024-05-11T22:57:20 IST" duration-ms="8" status="PASS">
          <reporter-output>
          </reporter-output>
        </test-method> <!-- validateTitle -->
        <test-method signature="validateSignIn()[pri:3, instance:com.CRM.TestCases.HomePageTestCase@1ddf84b8]" started-at="2024-05-11T22:57:20 IST" name="validateSignIn" finished-at="2024-05-11T22:57:20 IST" duration-ms="105" status="PASS">
          <reporter-output>
          </reporter-output>
        </test-method> <!-- validateSignIn -->
      </class> <!-- com.CRM.TestCases.HomePageTestCase -->
    </test> <!-- HomePage -->
    <test started-at="2024-05-11T22:57:20 IST" name="LoginPage" finished-at="2024-05-11T22:57:27 IST" duration-ms="6826">
      <class name="com.CRM.TestCases.LoginPageTest">
        <test-method is-config="true" signature="setUpBrowser()[pri:0, instance:com.CRM.TestCases.LoginPageTest@498d318c]" started-at="2024-05-11T22:57:20 IST" name="setUpBrowser" finished-at="2024-05-11T22:57:23 IST" duration-ms="3128" status="PASS">
          <reporter-output>
          </reporter-output>
        </test-method> <!-- setUpBrowser -->
        <test-method is-config="true" signature="pageSetUp()[pri:0, instance:com.CRM.TestCases.LoginPageTest@498d318c]" started-at="2024-05-11T22:57:23 IST" name="pageSetUp" finished-at="2024-05-11T22:57:26 IST" duration-ms="2539" status="PASS">
          <reporter-output>
          </reporter-output>
        </test-method> <!-- pageSetUp -->
        <test-method signature="validateLogin()[pri:0, instance:com.CRM.TestCases.LoginPageTest@498d318c]" started-at="2024-05-11T22:57:26 IST" name="validateLogin" finished-at="2024-05-11T22:57:27 IST" duration-ms="1158" status="PASS">
          <reporter-output>
          </reporter-output>
        </test-method> <!-- validateLogin -->
      </class> <!-- com.CRM.TestCases.LoginPageTest -->
    </test> <!-- LoginPage -->
  </suite> <!-- Suite -->
</testng-results>
