<?xml version="1.0" encoding="UTF-8"?>
<testng-results ignored="0" total="4" passed="4" failed="0" skipped="0">
  <reporter-output>
  </reporter-output>
  <suite started-at="2024-05-06T10:40:34 IST" name="Suite" finished-at="2024-05-06T10:40:45 IST" duration-ms="11127">
    <groups>
    </groups>
    <test started-at="2024-05-06T10:40:34 IST" name="HomePage" finished-at="2024-05-06T10:40:39 IST" duration-ms="4879">
      <class name="com.CRM.TestCases.HomePageTestCase">
        <test-method is-config="true" signature="setUpBrowser()[pri:0, instance:com.CRM.TestCases.HomePageTestCase@70e9c95d]" started-at="2024-05-06T10:40:34 IST" name="setUpBrowser" finished-at="2024-05-06T10:40:38 IST" duration-ms="3299" status="PASS">
          <reporter-output>
          </reporter-output>
        </test-method> <!-- setUpBrowser -->
        <test-method is-config="true" signature="pageSetUp()[pri:0, instance:com.CRM.TestCases.HomePageTestCase@70e9c95d]" started-at="2024-05-06T10:40:38 IST" name="pageSetUp" finished-at="2024-05-06T10:40:39 IST" duration-ms="1413" status="PASS">
          <reporter-output>
          </reporter-output>
        </test-method> <!-- pageSetUp -->
        <test-method signature="validateURL()[pri:1, instance:com.CRM.TestCases.HomePageTestCase@70e9c95d]" started-at="2024-05-06T10:40:39 IST" name="validateURL" finished-at="2024-05-06T10:40:39 IST" duration-ms="16" status="PASS">
          <reporter-output>
          </reporter-output>
        </test-method> <!-- validateURL -->
        <test-method signature="validateTitle()[pri:2, instance:com.CRM.TestCases.HomePageTestCase@70e9c95d]" started-at="2024-05-06T10:40:39 IST" name="validateTitle" finished-at="2024-05-06T10:40:39 IST" duration-ms="12" status="PASS">
          <reporter-output>
          </reporter-output>
        </test-method> <!-- validateTitle -->
        <test-method signature="validateSignIn()[pri:3, instance:com.CRM.TestCases.HomePageTestCase@70e9c95d]" started-at="2024-05-06T10:40:39 IST" name="validateSignIn" finished-at="2024-05-06T10:40:39 IST" duration-ms="102" status="PASS">
          <reporter-output>
          </reporter-output>
        </test-method> <!-- validateSignIn -->
      </class> <!-- com.CRM.TestCases.HomePageTestCase -->
    </test> <!-- HomePage -->
    <test started-at="2024-05-06T10:40:39 IST" name="LoginPage" finished-at="2024-05-06T10:40:45 IST" duration-ms="6171">
      <class name="com.CRM.TestCases.LoginPageTest">
        <test-method is-config="true" signature="setUpBrowser()[pri:0, instance:com.CRM.TestCases.LoginPageTest@173ed316]" started-at="2024-05-06T10:40:39 IST" name="setUpBrowser" finished-at="2024-05-06T10:40:42 IST" duration-ms="2313" status="PASS">
          <reporter-output>
          </reporter-output>
        </test-method> <!-- setUpBrowser -->
        <test-method is-config="true" signature="pageSetUp()[pri:0, instance:com.CRM.TestCases.LoginPageTest@173ed316]" started-at="2024-05-06T10:40:42 IST" name="pageSetUp" finished-at="2024-05-06T10:40:44 IST" duration-ms="2578" status="PASS">
          <reporter-output>
          </reporter-output>
        </test-method> <!-- pageSetUp -->
        <test-method signature="validateLogin()[pri:0, instance:com.CRM.TestCases.LoginPageTest@173ed316]" started-at="2024-05-06T10:40:44 IST" name="validateLogin" finished-at="2024-05-06T10:40:45 IST" duration-ms="1277" status="PASS">
          <reporter-output>
          </reporter-output>
        </test-method> <!-- validateLogin -->
      </class> <!-- com.CRM.TestCases.LoginPageTest -->
    </test> <!-- LoginPage -->
  </suite> <!-- Suite -->
</testng-results>
